<?xml version="1.0" encoding="UTF-8"?>
<testsuite xmlns:xsi="http://www.w3.org/2001/XMLSchema-instance" xsi:noNamespaceSchemaLocation="https://maven.apache.org/surefire/maven-surefire-plugin/xsd/surefire-test-report-3.0.xsd" version="3.0" name="edu.escuelaing.arep.app.APIControllerTest" time="2.734" tests="4" errors="0" skipped="0" failures="0">
  <properties>
[...]
</properties>
  <testcase name="testCacheBehavior" classname="edu.escuelaing.arep.app.APIControllerTest" time="2.013">
    <system-out><![CDATA[GET Response Code :: 200
{"Title":"Wish","Year":"2023","Rated":"PG","Released":"22 Nov 2023","Runtime":"95 min","Genre":"Animation, Adventure, Comedy","Director":"Chris Buck, Fawn Veerasunthorn","Writer":"Jennifer Lee, Allison Moore, Chris Buck","Actors":"Ariana DeBose, Chris Pine, Alan Tudyk","Plot":"A young girl wishes on a star and gets a more direct answer than she bargained for when a trouble-making star comes down from the sky to join her.","Language":"English","Country":"United States","Awards":"1 win & 22 nominations total","Poster":"https://m.media-amazon.com/images/M/MV5BN2UyZTAxZDctODI5Mi00MDczLWI4OWMtNTliZjEyMmEyN2FkXkEyXkFqcGc@._V1_SX300.jpg","Ratings":[{"Source":"Internet Movie Database","Value":"5.6/10"},{"Source":"Rotten Tomatoes","Value":"48%"},{"Source":"Metacritic","Value":"47/100"}],"Metascore":"47","imdbRating":"5.6","imdbVotes":"47,934","imdbID":"tt11304740","Type":"movie","DVD":"N/A","BoxOffice":"$63,973,821","Production":"N/A","Website":"N/A","Response":"True"}
GET DONE
]]></system-out>
  </testcase>
  <testcase name="testConnectToMoviesAPIMovieNotExist" classname="edu.escuelaing.arep.app.APIControllerTest" time="0.25">
    <system-out><![CDATA[GET Response Code :: 200
{"Response":"False","Error":"Movie not found!"}
GET DONE
]]></system-out>
  </testcase>
  <testcase name="testCacheBehaviorNotMovieFound" classname="edu.escuelaing.arep.app.APIControllerTest" time="0.127">
    <system-out><![CDATA[Wish se encuentra en Caché
GET Response Code :: 200
{"Response":"False","Error":"Movie not found!"}
GET DONE
]]></system-out>
  </testcase>
  <testcase name="testConnectToMoviesAPI" classname="edu.escuelaing.arep.app.APIControllerTest" time="0.302">
    <system-out><![CDATA[GET Response Code :: 200
{"Title":"Inception","Year":"2010","Rated":"PG-13","Released":"16 Jul 2010","Runtime":"148 min","Genre":"Action, Adventure, Sci-Fi","Director":"Christopher Nolan","Writer":"Christopher Nolan","Actors":"Leonardo DiCaprio, Joseph Gordon-Levitt, Elliot Page","Plot":"A thief who steals corporate secrets through the use of dream-sharing technology is given the inverse task of planting an idea into the mind of a C.E.O., but his tragic past may doom the project and his team to disaster.","Language":"English, Japanese, French","Country":"United States, United Kingdom","Awards":"Won 4 Oscars. 159 wins & 220 nominations total","Poster":"https://m.media-amazon.com/images/M/MV5BMjAxMzY3NjcxNF5BMl5BanBnXkFtZTcwNTI5OTM0Mw@@._V1_SX300.jpg","Ratings":[{"Source":"Internet Movie Database","Value":"8.8/10"},{"Source":"Rotten Tomatoes","Value":"87%"},{"Source":"Metacritic","Value":"74/100"}],"Metascore":"74","imdbRating":"8.8","imdbVotes":"2,718,935","imdbID":"tt1375666","Type":"movie","DVD":"N/A","BoxOffice":"$292,587,330","Production":"N/A","Website":"N/A","Response":"True"}
GET DONE
]]></system-out>
  </testcase>
</testsuite>